


ARM Macro Assembler    Page 1 


    1 00000000         ; <<< Use Configuration Wizard in Context Menu >>>
    2 00000000         ;*******************************************************
                       ***********************
    3 00000000         ;
    4 00000000         ; startup_rvmdk.S - Startup code for use with Keil's uVi
                       sion.
    5 00000000         ;
    6 00000000         ; Copyright (c) 2013 Texas Instruments Incorporated.  Al
                       l rights reserved.
    7 00000000         ; Software License Agreement
    8 00000000         ; 
    9 00000000         ; Texas Instruments (TI) is supplying this software for 
                       use solely and
   10 00000000         ; exclusively on TI's microcontroller products. The soft
                       ware is owned by
   11 00000000         ; TI and/or its suppliers, and is protected under applic
                       able copyright
   12 00000000         ; laws. You may not combine this software with "viral" o
                       pen-source
   13 00000000         ; software in order to form a larger program.
   14 00000000         ; 
   15 00000000         ; THIS SOFTWARE IS PROVIDED "AS IS" AND WITH ALL FAULTS.
                       
   16 00000000         ; NO WARRANTIES, WHETHER EXPRESS, IMPLIED OR STATUTORY, 
                       INCLUDING, BUT
   17 00000000         ; NOT LIMITED TO, IMPLIED WARRANTIES OF MERCHANTABILITY 
                       AND FITNESS FOR
   18 00000000         ; A PARTICULAR PURPOSE APPLY TO THIS SOFTWARE. TI SHALL 
                       NOT, UNDER ANY
   19 00000000         ; CIRCUMSTANCES, BE LIABLE FOR SPECIAL, INCIDENTAL, OR C
                       ONSEQUENTIAL
   20 00000000         ; DAMAGES, FOR ANY REASON WHATSOEVER.
   21 00000000         ; 
   22 00000000         ; This is part of revision 2.0 of the DK-TM4C129X Firmwa
                       re Package.
   23 00000000         ;
   24 00000000         ;*******************************************************
                       ***********************
   25 00000000         
   26 00000000         ;*******************************************************
                       ***********************
   27 00000000         ;
   28 00000000         ; <o> Stack Size (in Bytes) <0x0-0xFFFFFFFF:8>
   29 00000000         ;
   30 00000000         ;*******************************************************
                       ***********************
   31 00000000 00000400 
                       Stack   EQU              0x00000400
   32 00000000         
   33 00000000         ;*******************************************************
                       ***********************
   34 00000000         ;
   35 00000000         ; <o> Heap Size (in Bytes) <0x0-0xFFFFFFFF:8>
   36 00000000         ;
   37 00000000         ;*******************************************************
                       ***********************
   38 00000000 00000000 
                       Heap    EQU              0x00000000
   39 00000000         



ARM Macro Assembler    Page 2 


   40 00000000         ;*******************************************************
                       ***********************
   41 00000000         ;
   42 00000000         ; Allocate space for the stack.
   43 00000000         ;
   44 00000000         ;*******************************************************
                       ***********************
   45 00000000                 AREA             STACK, NOINIT, READWRITE, ALIGN
=3
   46 00000000         StackMem
   47 00000000                 SPACE            Stack
   48 00000400         __initial_sp
   49 00000400         
   50 00000400         ;*******************************************************
                       ***********************
   51 00000400         ;
   52 00000400         ; Allocate space for the heap.
   53 00000400         ;
   54 00000400         ;*******************************************************
                       ***********************
   55 00000400                 AREA             HEAP, NOINIT, READWRITE, ALIGN=
3
   56 00000000         __heap_base
   57 00000000         HeapMem
   58 00000000                 SPACE            Heap
   59 00000000         __heap_limit
   60 00000000         
   61 00000000         ;*******************************************************
                       ***********************
   62 00000000         ;
   63 00000000         ; Indicate that the code in this file preserves 8-byte a
                       lignment of the stack.
   64 00000000         ;
   65 00000000         ;*******************************************************
                       ***********************
   66 00000000                 PRESERVE8
   67 00000000         
   68 00000000         ;*******************************************************
                       ***********************
   69 00000000         ;
   70 00000000         ; Place code into the reset code section.
   71 00000000         ;
   72 00000000         ;*******************************************************
                       ***********************
   73 00000000                 AREA             RESET, CODE, READONLY
   74 00000000                 THUMB
   75 00000000         
   76 00000000         ;*******************************************************
                       ***********************
   77 00000000         ;
   78 00000000         ; External declaration for the interrupt handler used by
                        the application.
   79 00000000         ;
   80 00000000         ;*******************************************************
                       ***********************
   81 00000000                 EXTERN           Timer0AIntHandler
   82 00000000         ;  EXTERN Timer1AIntHandler
   83 00000000         ;  EXTERN QEIINTHandler
   84 00000000                 EXTERN           EPIIntHandler



ARM Macro Assembler    Page 3 


   85 00000000                 EXTERN           uDMAErrorHandler
   86 00000000         ;*******************************************************
                       ***********************
   87 00000000         ;
   88 00000000         ; The vector table.
   89 00000000         ;
   90 00000000         ;*******************************************************
                       ***********************
   91 00000000                 EXPORT           __Vectors
   92 00000000         __Vectors
   93 00000000 00000400        DCD              StackMem + Stack ; Top of Stack
                                                            
   94 00000004 00000000        DCD              Reset_Handler ; Reset Handler
   95 00000008 00000000        DCD              NmiSR       ; NMI Handler
   96 0000000C 00000000        DCD              FaultISR    ; Hard Fault Handle
                                                            r
   97 00000010 00000000        DCD              IntDefaultHandler ; The MPU fau
                                                            lt handler
   98 00000014 00000000        DCD              IntDefaultHandler ; The bus fau
                                                            lt handler
   99 00000018 00000000        DCD              IntDefaultHandler ; The usage f
                                                            ault handler
  100 0000001C 00000000        DCD              0           ; Reserved
  101 00000020 00000000        DCD              0           ; Reserved
  102 00000024 00000000        DCD              0           ; Reserved
  103 00000028 00000000        DCD              0           ; Reserved
  104 0000002C 00000000        DCD              IntDefaultHandler 
                                                            ; SVCall handler
  105 00000030 00000000        DCD              IntDefaultHandler ; Debug monit
                                                            or handler
  106 00000034 00000000        DCD              0           ; Reserved
  107 00000038 00000000        DCD              IntDefaultHandler ; The PendSV 
                                                            handler
  108 0000003C 00000000        DCD              IntDefaultHandler ; The SysTick
                                                             handler
  109 00000040 00000000        DCD              IntDefaultHandler ; GPIO Port A
                                                            
  110 00000044 00000000        DCD              IntDefaultHandler ; GPIO Port B
                                                            
  111 00000048 00000000        DCD              IntDefaultHandler ; GPIO Port C
                                                            
  112 0000004C 00000000        DCD              IntDefaultHandler ; GPIO Port D
                                                            
  113 00000050 00000000        DCD              IntDefaultHandler ; GPIO Port E
                                                            
  114 00000054 00000000        DCD              IntDefaultHandler 
                                                            ; UART0 Rx and Tx
  115 00000058 00000000        DCD              IntDefaultHandler 
                                                            ; UART1 Rx and Tx
  116 0000005C 00000000        DCD              IntDefaultHandler 
                                                            ; SSI0 Rx and Tx
  117 00000060 00000000        DCD              IntDefaultHandler ; I2C0 Master
                                                             and Slave
  118 00000064 00000000        DCD              IntDefaultHandler ; PWM Fault
  119 00000068 00000000        DCD              IntDefaultHandler 
                                                            ; PWM Generator 0
  120 0000006C 00000000        DCD              IntDefaultHandler 
                                                            ; PWM Generator 1
  121 00000070 00000000        DCD              IntDefaultHandler 



ARM Macro Assembler    Page 4 


                                                            ; PWM Generator 2
  122 00000074 00000000        DCD              IntDefaultHandler ; Quadrature 
                                                            Encoder 0
  123 00000078 00000000        DCD              IntDefaultHandler 
                                                            ; ADC Sequence 0
  124 0000007C 00000000        DCD              IntDefaultHandler 
                                                            ; ADC Sequence 1
  125 00000080 00000000        DCD              IntDefaultHandler 
                                                            ; ADC Sequence 2
  126 00000084 00000000        DCD              IntDefaultHandler 
                                                            ; ADC Sequence 3
  127 00000088 00000000        DCD              IntDefaultHandler 
                                                            ; Watchdog timer
  128 0000008C 00000000        DCD              Timer0AIntHandler ; Timer 0 sub
                                                            timer A
  129 00000090 00000000        DCD              IntDefaultHandler ; Timer 0 sub
                                                            timer B
  130 00000094 00000000        DCD              IntDefaultHandler ; Timer 1 sub
                                                            timer A
  131 00000098 00000000        DCD              IntDefaultHandler ; Timer 1 sub
                                                            timer B
  132 0000009C 00000000        DCD              IntDefaultHandler ; Timer 2 sub
                                                            timer A
  133 000000A0 00000000        DCD              IntDefaultHandler ; Timer 2 sub
                                                            timer B
  134 000000A4 00000000        DCD              IntDefaultHandler ; Analog Comp
                                                            arator 0
  135 000000A8 00000000        DCD              IntDefaultHandler ; Analog Comp
                                                            arator 1
  136 000000AC 00000000        DCD              IntDefaultHandler ; Analog Comp
                                                            arator 2
  137 000000B0 00000000        DCD              IntDefaultHandler ; System Cont
                                                            rol (PLL, OSC, BO)
  138 000000B4 00000000        DCD              IntDefaultHandler 
                                                            ; FLASH Control
  139 000000B8 00000000        DCD              IntDefaultHandler ; GPIO Port F
                                                            
  140 000000BC 00000000        DCD              IntDefaultHandler ; GPIO Port G
                                                            
  141 000000C0 00000000        DCD              IntDefaultHandler ; GPIO Port H
                                                            
  142 000000C4 00000000        DCD              IntDefaultHandler 
                                                            ; UART2 Rx and Tx
  143 000000C8 00000000        DCD              IntDefaultHandler 
                                                            ; SSI1 Rx and Tx
  144 000000CC 00000000        DCD              IntDefaultHandler ; Timer 3 sub
                                                            timer A
  145 000000D0 00000000        DCD              IntDefaultHandler ; Timer 3 sub
                                                            timer B
  146 000000D4 00000000        DCD              IntDefaultHandler ; I2C1 Master
                                                             and Slave
  147 000000D8 00000000        DCD              IntDefaultHandler ; CAN0
  148 000000DC 00000000        DCD              IntDefaultHandler ; CAN1
  149 000000E0 00000000        DCD              IntDefaultHandler ; Ethernet
  150 000000E4 00000000        DCD              IntDefaultHandler ; Hibernate
  151 000000E8 00000000        DCD              IntDefaultHandler ; USB0
  152 000000EC 00000000        DCD              IntDefaultHandler 
                                                            ; PWM Generator 3
  153 000000F0 00000000        DCD              uDMAErrorHandler ; uDMA Softwar



ARM Macro Assembler    Page 5 


                                                            e Transfer
  154 000000F4 00000000        DCD              IntDefaultHandler ; uDMA Error
  155 000000F8 00000000        DCD              IntDefaultHandler 
                                                            ; ADC1 Sequence 0
  156 000000FC 00000000        DCD              IntDefaultHandler 
                                                            ; ADC1 Sequence 1
  157 00000100 00000000        DCD              IntDefaultHandler 
                                                            ; ADC1 Sequence 2
  158 00000104 00000000        DCD              IntDefaultHandler 
                                                            ; ADC1 Sequence 3
  159 00000108 00000000        DCD              EPIIntHandler ; External Bus In
                                                            terface 0
  160 0000010C 00000000        DCD              IntDefaultHandler ; GPIO Port J
                                                            
  161 00000110 00000000        DCD              IntDefaultHandler ; GPIO Port K
                                                            
  162 00000114 00000000        DCD              IntDefaultHandler ; GPIO Port L
                                                            
  163 00000118 00000000        DCD              IntDefaultHandler 
                                                            ; SSI2 Rx and Tx
  164 0000011C 00000000        DCD              IntDefaultHandler 
                                                            ; SSI3 Rx and Tx
  165 00000120 00000000        DCD              IntDefaultHandler 
                                                            ; UART3 Rx and Tx
  166 00000124 00000000        DCD              IntDefaultHandler 
                                                            ; UART4 Rx and Tx
  167 00000128 00000000        DCD              IntDefaultHandler 
                                                            ; UART5 Rx and Tx
  168 0000012C 00000000        DCD              IntDefaultHandler 
                                                            ; UART6 Rx and Tx
  169 00000130 00000000        DCD              IntDefaultHandler 
                                                            ; UART7 Rx and Tx
  170 00000134 00000000        DCD              IntDefaultHandler ; I2C2 Master
                                                             and Slave
  171 00000138 00000000        DCD              IntDefaultHandler ; I2C3 Master
                                                             and Slave
  172 0000013C 00000000        DCD              IntDefaultHandler ; Timer 4 sub
                                                            timer A
  173 00000140 00000000        DCD              IntDefaultHandler ; Timer 4 sub
                                                            timer B
  174 00000144 00000000        DCD              IntDefaultHandler ; Timer 5 sub
                                                            timer A
  175 00000148 00000000        DCD              IntDefaultHandler ; Timer 5 sub
                                                            timer B
  176 0000014C 00000000        DCD              IntDefaultHandler ; FPU
  177 00000150 00000000        DCD              0           ; Reserved
  178 00000154 00000000        DCD              0           ; Reserved
  179 00000158 00000000        DCD              IntDefaultHandler ; I2C4 Master
                                                             and Slave
  180 0000015C 00000000        DCD              IntDefaultHandler ; I2C5 Master
                                                             and Slave
  181 00000160 00000000        DCD              IntDefaultHandler ; GPIO Port M
                                                            
  182 00000164 00000000        DCD              IntDefaultHandler ; GPIO Port N
                                                            
  183 00000168 00000000        DCD              0           ; Reserved
  184 0000016C 00000000        DCD              IntDefaultHandler ; Tamper
  185 00000170 00000000        DCD              IntDefaultHandler ; GPIO Port P
                                                             (Summary or P0)



ARM Macro Assembler    Page 6 


  186 00000174 00000000        DCD              IntDefaultHandler 
                                                            ; GPIO Port P1
  187 00000178 00000000        DCD              IntDefaultHandler 
                                                            ; GPIO Port P2
  188 0000017C 00000000        DCD              IntDefaultHandler 
                                                            ; GPIO Port P3
  189 00000180 00000000        DCD              IntDefaultHandler 
                                                            ; GPIO Port P4
  190 00000184 00000000        DCD              IntDefaultHandler 
                                                            ; GPIO Port P5
  191 00000188 00000000        DCD              IntDefaultHandler 
                                                            ; GPIO Port P6
  192 0000018C 00000000        DCD              IntDefaultHandler 
                                                            ; GPIO Port P7
  193 00000190 00000000        DCD              IntDefaultHandler ; GPIO Port Q
                                                             (Summary or Q0)
  194 00000194 00000000        DCD              IntDefaultHandler 
                                                            ; GPIO Port Q1
  195 00000198 00000000        DCD              IntDefaultHandler 
                                                            ; GPIO Port Q2
  196 0000019C 00000000        DCD              IntDefaultHandler 
                                                            ; GPIO Port Q3
  197 000001A0 00000000        DCD              IntDefaultHandler 
                                                            ; GPIO Port Q4
  198 000001A4 00000000        DCD              IntDefaultHandler 
                                                            ; GPIO Port Q5
  199 000001A8 00000000        DCD              IntDefaultHandler 
                                                            ; GPIO Port Q6
  200 000001AC 00000000        DCD              IntDefaultHandler 
                                                            ; GPIO Port Q7
  201 000001B0 00000000        DCD              IntDefaultHandler ; GPIO Port R
                                                            
  202 000001B4 00000000        DCD              IntDefaultHandler ; GPIO Port S
                                                            
  203 000001B8 00000000        DCD              IntDefaultHandler ; SHA/MD5 0
  204 000001BC 00000000        DCD              IntDefaultHandler ; AES 0
  205 000001C0 00000000        DCD              IntDefaultHandler ; DES3DES 0
  206 000001C4 00000000        DCD              IntDefaultHandler 
                                                            ; LCD Controller 0
  207 000001C8 00000000        DCD              IntDefaultHandler ; Timer 6 sub
                                                            timer A
  208 000001CC 00000000        DCD              IntDefaultHandler ; Timer 6 sub
                                                            timer B
  209 000001D0 00000000        DCD              IntDefaultHandler ; Timer 7 sub
                                                            timer A
  210 000001D4 00000000        DCD              IntDefaultHandler ; Timer 7 sub
                                                            timer B
  211 000001D8 00000000        DCD              IntDefaultHandler ; I2C6 Master
                                                             and Slave
  212 000001DC 00000000        DCD              IntDefaultHandler ; I2C7 Master
                                                             and Slave
  213 000001E0 00000000        DCD              IntDefaultHandler ; HIM Scan Ma
                                                            trix Keyboard 0
  214 000001E4 00000000        DCD              IntDefaultHandler ; One Wire 0
  215 000001E8 00000000        DCD              IntDefaultHandler ; HIM PS/2 0
  216 000001EC 00000000        DCD              IntDefaultHandler ; HIM LED Seq
                                                            uencer 0
  217 000001F0 00000000        DCD              IntDefaultHandler 
                                                            ; HIM Consumer IR 0



ARM Macro Assembler    Page 7 


                                                            
  218 000001F4 00000000        DCD              IntDefaultHandler ; I2C8 Master
                                                             and Slave
  219 000001F8 00000000        DCD              IntDefaultHandler ; I2C9 Master
                                                             and Slave
  220 000001FC 00000000        DCD              IntDefaultHandler ; GPIO Port T
                                                            
  221 00000200         
  222 00000200         ;*******************************************************
                       ***********************
  223 00000200         ;
  224 00000200         ; This is the code that gets called when the processor f
                       irst starts execution
  225 00000200         ; following a reset event.
  226 00000200         ;
  227 00000200         ;*******************************************************
                       ***********************
  228 00000200                 EXPORT           Reset_Handler
  229 00000200         Reset_Handler
  230 00000200         ;
  231 00000200         ; Enable the floating-point unit.  This must be done her
                       e to handle the
  232 00000200         ; case where main() uses floating-point and the function
                        prologue saves
  233 00000200         ; floating-point registers (which will fault if floating
                       -point is not
  234 00000200         ; enabled).  Any configuration of the floating-point uni
                       t using
  235 00000200         ; DriverLib APIs must be done here prior to the floating
                       -point unit
  236 00000200         ; being enabled.
  237 00000200         ;
  238 00000200         ; Note that this does not use DriverLib since it might n
                       ot be included
  239 00000200         ; in this project.
  240 00000200         ;
  241 00000200 F64E 5088       MOVW             R0, #0xED88
  242 00000204 F2CE 0000       MOVT             R0, #0xE000
  243 00000208 6801            LDR              R1, [R0]
  244 0000020A F441 0170       ORR              R1, #0x00F00000
  245 0000020E 6001            STR              R1, [R0]
  246 00000210         
  247 00000210         ;
  248 00000210         ; Call the C library enty point that handles startup.  T
                       his will copy
  249 00000210         ; the .data section initializers from flash to SRAM and 
                       zero fill the
  250 00000210         ; .bss section.
  251 00000210         ;
  252 00000210                 IMPORT           __main
  253 00000210 F7FF BFFE       B                __main
  254 00000214         
  255 00000214         ;*******************************************************
                       ***********************
  256 00000214         ;
  257 00000214         ; This is the code that gets called when the processor r
                       eceives a NMI.  This
  258 00000214         ; simply enters an infinite loop, preserving the system 
                       state for examination



ARM Macro Assembler    Page 8 


  259 00000214         ; by a debugger.
  260 00000214         ;
  261 00000214         ;*******************************************************
                       ***********************
  262 00000214         NmiSR
  263 00000214 E7FE            B                NmiSR
  264 00000216         
  265 00000216         ;*******************************************************
                       ***********************
  266 00000216         ;
  267 00000216         ; This is the code that gets called when the processor r
                       eceives a fault
  268 00000216         ; interrupt.  This simply enters an infinite loop, prese
                       rving the system state
  269 00000216         ; for examination by a debugger.
  270 00000216         ;
  271 00000216         ;*******************************************************
                       ***********************
  272 00000216         FaultISR
  273 00000216 E7FE            B                FaultISR
  274 00000218         
  275 00000218         ;*******************************************************
                       ***********************
  276 00000218         ;
  277 00000218         ; This is the code that gets called when the processor r
                       eceives an unexpected
  278 00000218         ; interrupt.  This simply enters an infinite loop, prese
                       rving the system state
  279 00000218         ; for examination by a debugger.
  280 00000218         ;
  281 00000218         ;*******************************************************
                       ***********************
  282 00000218         IntDefaultHandler
  283 00000218 E7FE            B                IntDefaultHandler
  284 0000021A         
  285 0000021A         ;*******************************************************
                       ***********************
  286 0000021A         ;
  287 0000021A         ; Make sure the end of this section is aligned.
  288 0000021A         ;
  289 0000021A         ;*******************************************************
                       ***********************
  290 0000021A 00 00           ALIGN
  291 0000021C         
  292 0000021C         ;*******************************************************
                       ***********************
  293 0000021C         ;
  294 0000021C         ; Some code in the normal code section for initializing 
                       the heap and stack.
  295 0000021C         ;
  296 0000021C         ;*******************************************************
                       ***********************
  297 0000021C                 AREA             |.text|, CODE, READONLY
  298 00000000         
  299 00000000         ;*******************************************************
                       ***********************
  300 00000000         ;
  301 00000000         ; The function expected of the C library startup code fo
                       r defining the stack



ARM Macro Assembler    Page 9 


  302 00000000         ; and heap memory locations.  For the C library version 
                       of the startup code,
  303 00000000         ; provide this function so that the C library initializa
                       tion code can find out
  304 00000000         ; the location of the stack and heap.
  305 00000000         ;
  306 00000000         ;*******************************************************
                       ***********************
  307 00000000                 IF               :DEF: __MICROLIB
  308 00000000                 EXPORT           __initial_sp
  309 00000000                 EXPORT           __heap_base
  310 00000000                 EXPORT           __heap_limit
  311 00000000                 ELSE
  320                          ENDIF
  321 00000000         
  322 00000000         ;*******************************************************
                       ***********************
  323 00000000         ;
  324 00000000         ; Make sure the end of this section is aligned.
  325 00000000         ;
  326 00000000         ;*******************************************************
                       ***********************
  327 00000000                 ALIGN
  328 00000000         
  329 00000000         ;*******************************************************
                       ***********************
  330 00000000         ;
  331 00000000         ; Tell the assembler that we're done.
  332 00000000         ;
  333 00000000         ;*******************************************************
                       ***********************
  334 00000000                 END
Command Line: --debug --xref --cpu=Cortex-M4.fp --apcs=interwork --depend=start
up_tm4c129.d -ostartup_tm4c129.o -IC:\Keil\ARM\RV31\INC -IC:\Keil\ARM\CMSIS\Inc
lude -IC:\Keil\ARM\Inc\TI\TM4C129 --predefine="__MICROLIB SETA 1" --list=startu
p_tm4c129.lst startup_TM4C129.s



ARM Macro Assembler    Page 1 Alphabetic symbol ordering
Relocatable symbols

STACK 00000000

Symbol: STACK
   Definitions
      At line 45 in file startup_TM4C129.s
   Uses
      None
Comment: STACK unused
StackMem 00000000

Symbol: StackMem
   Definitions
      At line 46 in file startup_TM4C129.s
   Uses
      At line 93 in file startup_TM4C129.s
Comment: StackMem used once
__initial_sp 00000400

Symbol: __initial_sp
   Definitions
      At line 48 in file startup_TM4C129.s
   Uses
      At line 308 in file startup_TM4C129.s
Comment: __initial_sp used once
3 symbols



ARM Macro Assembler    Page 1 Alphabetic symbol ordering
Relocatable symbols

HEAP 00000000

Symbol: HEAP
   Definitions
      At line 55 in file startup_TM4C129.s
   Uses
      None
Comment: HEAP unused
HeapMem 00000000

Symbol: HeapMem
   Definitions
      At line 57 in file startup_TM4C129.s
   Uses
      None
Comment: HeapMem unused
__heap_base 00000000

Symbol: __heap_base
   Definitions
      At line 56 in file startup_TM4C129.s
   Uses
      At line 309 in file startup_TM4C129.s
Comment: __heap_base used once
__heap_limit 00000000

Symbol: __heap_limit
   Definitions
      At line 59 in file startup_TM4C129.s
   Uses
      At line 310 in file startup_TM4C129.s
Comment: __heap_limit used once
4 symbols



ARM Macro Assembler    Page 1 Alphabetic symbol ordering
Relocatable symbols

FaultISR 00000216

Symbol: FaultISR
   Definitions
      At line 272 in file startup_TM4C129.s
   Uses
      At line 96 in file startup_TM4C129.s
      At line 273 in file startup_TM4C129.s

IntDefaultHandler 00000218

Symbol: IntDefaultHandler
   Definitions
      At line 282 in file startup_TM4C129.s
   Uses
      At line 97 in file startup_TM4C129.s
      At line 98 in file startup_TM4C129.s
      At line 99 in file startup_TM4C129.s
      At line 104 in file startup_TM4C129.s
      At line 105 in file startup_TM4C129.s
      At line 107 in file startup_TM4C129.s
      At line 108 in file startup_TM4C129.s
      At line 109 in file startup_TM4C129.s
      At line 110 in file startup_TM4C129.s
      At line 111 in file startup_TM4C129.s
      At line 112 in file startup_TM4C129.s
      At line 113 in file startup_TM4C129.s
      At line 114 in file startup_TM4C129.s
      At line 115 in file startup_TM4C129.s
      At line 116 in file startup_TM4C129.s
      At line 117 in file startup_TM4C129.s
      At line 118 in file startup_TM4C129.s
      At line 119 in file startup_TM4C129.s
      At line 120 in file startup_TM4C129.s
      At line 121 in file startup_TM4C129.s
      At line 122 in file startup_TM4C129.s
      At line 123 in file startup_TM4C129.s
      At line 124 in file startup_TM4C129.s
      At line 125 in file startup_TM4C129.s
      At line 126 in file startup_TM4C129.s
      At line 127 in file startup_TM4C129.s
      At line 129 in file startup_TM4C129.s
      At line 130 in file startup_TM4C129.s
      At line 131 in file startup_TM4C129.s
      At line 132 in file startup_TM4C129.s
      At line 133 in file startup_TM4C129.s
      At line 134 in file startup_TM4C129.s
      At line 135 in file startup_TM4C129.s
      At line 136 in file startup_TM4C129.s
      At line 137 in file startup_TM4C129.s
      At line 138 in file startup_TM4C129.s
      At line 139 in file startup_TM4C129.s
      At line 140 in file startup_TM4C129.s
      At line 141 in file startup_TM4C129.s
      At line 142 in file startup_TM4C129.s
      At line 143 in file startup_TM4C129.s
      At line 144 in file startup_TM4C129.s
      At line 145 in file startup_TM4C129.s
      At line 146 in file startup_TM4C129.s



ARM Macro Assembler    Page 2 Alphabetic symbol ordering
Relocatable symbols

      At line 147 in file startup_TM4C129.s
      At line 148 in file startup_TM4C129.s
      At line 149 in file startup_TM4C129.s
      At line 150 in file startup_TM4C129.s
      At line 151 in file startup_TM4C129.s
      At line 152 in file startup_TM4C129.s
      At line 154 in file startup_TM4C129.s
      At line 155 in file startup_TM4C129.s
      At line 156 in file startup_TM4C129.s
      At line 157 in file startup_TM4C129.s
      At line 158 in file startup_TM4C129.s
      At line 160 in file startup_TM4C129.s
      At line 161 in file startup_TM4C129.s
      At line 162 in file startup_TM4C129.s
      At line 163 in file startup_TM4C129.s
      At line 164 in file startup_TM4C129.s
      At line 165 in file startup_TM4C129.s
      At line 166 in file startup_TM4C129.s
      At line 167 in file startup_TM4C129.s
      At line 168 in file startup_TM4C129.s
      At line 169 in file startup_TM4C129.s
      At line 170 in file startup_TM4C129.s
      At line 171 in file startup_TM4C129.s
      At line 172 in file startup_TM4C129.s
      At line 173 in file startup_TM4C129.s
      At line 174 in file startup_TM4C129.s
      At line 175 in file startup_TM4C129.s
      At line 176 in file startup_TM4C129.s
      At line 179 in file startup_TM4C129.s
      At line 180 in file startup_TM4C129.s
      At line 181 in file startup_TM4C129.s
      At line 182 in file startup_TM4C129.s
      At line 184 in file startup_TM4C129.s
      At line 185 in file startup_TM4C129.s
      At line 186 in file startup_TM4C129.s
      At line 187 in file startup_TM4C129.s
      At line 188 in file startup_TM4C129.s
      At line 189 in file startup_TM4C129.s
      At line 190 in file startup_TM4C129.s
      At line 191 in file startup_TM4C129.s
      At line 192 in file startup_TM4C129.s
      At line 193 in file startup_TM4C129.s
      At line 194 in file startup_TM4C129.s
      At line 195 in file startup_TM4C129.s
      At line 196 in file startup_TM4C129.s
      At line 197 in file startup_TM4C129.s
      At line 198 in file startup_TM4C129.s
      At line 199 in file startup_TM4C129.s
      At line 200 in file startup_TM4C129.s
      At line 201 in file startup_TM4C129.s
      At line 202 in file startup_TM4C129.s
      At line 203 in file startup_TM4C129.s
      At line 204 in file startup_TM4C129.s
      At line 205 in file startup_TM4C129.s
      At line 206 in file startup_TM4C129.s
      At line 207 in file startup_TM4C129.s
      At line 208 in file startup_TM4C129.s
      At line 209 in file startup_TM4C129.s
      At line 210 in file startup_TM4C129.s



ARM Macro Assembler    Page 3 Alphabetic symbol ordering
Relocatable symbols

      At line 211 in file startup_TM4C129.s
      At line 212 in file startup_TM4C129.s
      At line 213 in file startup_TM4C129.s
      At line 214 in file startup_TM4C129.s
      At line 215 in file startup_TM4C129.s
      At line 216 in file startup_TM4C129.s
      At line 217 in file startup_TM4C129.s
      At line 218 in file startup_TM4C129.s
      At line 219 in file startup_TM4C129.s
      At line 220 in file startup_TM4C129.s
      At line 283 in file startup_TM4C129.s

NmiSR 00000214

Symbol: NmiSR
   Definitions
      At line 262 in file startup_TM4C129.s
   Uses
      At line 95 in file startup_TM4C129.s
      At line 263 in file startup_TM4C129.s

RESET 00000000

Symbol: RESET
   Definitions
      At line 73 in file startup_TM4C129.s
   Uses
      None
Comment: RESET unused
Reset_Handler 00000200

Symbol: Reset_Handler
   Definitions
      At line 229 in file startup_TM4C129.s
   Uses
      At line 94 in file startup_TM4C129.s
      At line 228 in file startup_TM4C129.s

__Vectors 00000000

Symbol: __Vectors
   Definitions
      At line 92 in file startup_TM4C129.s
   Uses
      At line 91 in file startup_TM4C129.s
Comment: __Vectors used once
6 symbols



ARM Macro Assembler    Page 1 Alphabetic symbol ordering
Relocatable symbols

.text 00000000

Symbol: .text
   Definitions
      At line 297 in file startup_TM4C129.s
   Uses
      None
Comment: .text unused
1 symbol



ARM Macro Assembler    Page 1 Alphabetic symbol ordering
Absolute symbols

Heap 00000000

Symbol: Heap
   Definitions
      At line 38 in file startup_TM4C129.s
   Uses
      At line 58 in file startup_TM4C129.s
Comment: Heap used once
Stack 00000400

Symbol: Stack
   Definitions
      At line 31 in file startup_TM4C129.s
   Uses
      At line 47 in file startup_TM4C129.s
      At line 93 in file startup_TM4C129.s

2 symbols



ARM Macro Assembler    Page 1 Alphabetic symbol ordering
External symbols

EPIIntHandler 00000000

Symbol: EPIIntHandler
   Definitions
      At line 84 in file startup_TM4C129.s
   Uses
      At line 159 in file startup_TM4C129.s
Comment: EPIIntHandler used once
Timer0AIntHandler 00000000

Symbol: Timer0AIntHandler
   Definitions
      At line 81 in file startup_TM4C129.s
   Uses
      At line 128 in file startup_TM4C129.s
Comment: Timer0AIntHandler used once
__main 00000000

Symbol: __main
   Definitions
      At line 252 in file startup_TM4C129.s
   Uses
      At line 253 in file startup_TM4C129.s
Comment: __main used once
uDMAErrorHandler 00000000

Symbol: uDMAErrorHandler
   Definitions
      At line 85 in file startup_TM4C129.s
   Uses
      At line 153 in file startup_TM4C129.s
Comment: uDMAErrorHandler used once
4 symbols
352 symbols in table
